#
# A fatal error has been detected by the Java Runtime Environment:
#
#  Internal Error (classFileParser.cpp:3494), pid=3120, tid=3063528304
#  Error: ShouldNotReachHere()
#
# JRE version: 6.0_35-b10
# Java VM: Java HotSpot(TM) Server VM (20.10-b01 mixed mode linux-x86 )
# If you would like to submit a bug report, please visit:
#   http://java.sun.com/webapps/bugreport/crash.jsp
#

---------------  T H R E A D  ---------------

Current thread (0x08e79000):  JavaThread "Unknown thread" [_thread_in_vm, id=3125, stack(0xb694b000,0xb699c000)]

Stack: [0xb694b000,0xb699c000],  sp=0xb699a7d0,  free space=317k
Native frames: (J=compiled Java code, j=interpreted, Vv=VM code, C=native code)
V  [libjvm.so+0x726380]  VMError::report_and_die()+0x2b0
V  [libjvm.so+0x2f7ccf]  report_should_not_reach_here(char const*, int)+0x3f
V  [libjvm.so+0x28e1fa]  ClassFileParser::parseClassFile(symbolHandle, Handle, Handle, KlassHandle, GrowableArray<Handle>*, symbolHandle&, bool, Thread*)+0x2d9a
V  [libjvm.so+0x294241]  ClassLoader::load_classfile(symbolHandle, Thread*)+0x221
V  [libjvm.so+0x6b5a02]  SystemDictionary::load_instance_class(symbolHandle, Handle, Thread*)+0xf2
V  [libjvm.so+0x6b3a9e]  SystemDictionary::resolve_instance_class_or_null(symbolHandle, Handle, Handle, Thread*)+0x55e
V  [libjvm.so+0x6b2866]  SystemDictionary::resolve_or_null(symbolHandle, Handle, Handle, Thread*)+0x66
V  [libjvm.so+0x6b24d0]  SystemDictionary::resolve_or_fail(symbolHandle, Handle, Handle, bool, Thread*)+0x30
V  [libjvm.so+0x6b72ea]  SystemDictionary::initialize_wk_klass(SystemDictionary::WKID, int, Thread*)+0x6a
V  [libjvm.so+0x6b737c]  SystemDictionary::initialize_wk_klasses_until(SystemDictionary::WKID, SystemDictionary::WKID&, Thread*)+0x4c
V  [libjvm.so+0x6b7440]  SystemDictionary::initialize_preloaded_classes(Thread*)+0x70
V  [libjvm.so+0x6b7211]  SystemDictionary::initialize(Thread*)+0xe1
V  [libjvm.so+0x6fdf7a]  Universe::genesis(Thread*)+0x4da
V  [libjvm.so+0x6ff63f]  universe2_init()+0x1f
V  [libjvm.so+0x3ba208]  init_globals()+0x98
V  [libjvm.so+0x6e7052]  Threads::create_vm(JavaVMInitArgs*, bool*)+0x242
V  [libjvm.so+0x414e16]  JNI_CreateJavaVM+0x56
C  [java+0x305c]
C  [java+0x1942]  JavaMain+0x72
C  [libpthread.so.0+0x596e]  short+0xbe


---------------  P R O C E S S  ---------------

Java Threads: ( => current thread )

Other Threads:

=>0x08e79000 (exited) JavaThread "Unknown thread" [_thread_in_vm, id=3125, stack(0xb694b000,0xb699c000)]

VM state:not at safepoint (not fully initialized)

VM Mutex/Monitor currently owned by a thread: None

Dynamic libraries:
08048000-08052000 r-xp 00000000 08:06 1838561    /usr/lib/jvm/jdk1.6.0_35/bin/java
08052000-08053000 rwxp 00009000 08:06 1838561    /usr/lib/jvm/jdk1.6.0_35/bin/java
08e73000-08eea000 rwxp 00000000 00:00 0          [heap]
8ac00000-8ac21000 rwxp 00000000 00:00 0 
8ac21000-8ad00000 ---p 00000000 00:00 0 
8ad60000-8add6000 r-xs 00902000 08:06 1448027    /opt/android-sdk-linux_x86/platforms/android-10/android.jar
8add6000-8add7000 ---p 00000000 00:00 0 
8add7000-8ae57000 rwxp 00000000 00:00 0 
8ae57000-8ae58000 ---p 00000000 00:00 0 
8ae58000-8aed8000 rwxp 00000000 00:00 0 
8aed8000-8aed9000 ---p 00000000 00:00 0 
8aed9000-8af59000 rwxp 00000000 00:00 0 
8af59000-8af5a000 ---p 00000000 00:00 0 
8af5a000-8afe2000 rwxp 00000000 00:00 0 
8afe2000-8affa000 rwxp 00000000 00:00 0 
8affa000-8b007000 rwxp 00000000 00:00 0 
8b007000-8b0bc000 rwxp 00000000 00:00 0 
8b0bc000-8b0c4000 rwxp 00000000 00:00 0 
8b0c4000-8b0dc000 rwxp 00000000 00:00 0 
8b0dc000-8b0e9000 rwxp 00000000 00:00 0 
8b0e9000-8b19e000 rwxp 00000000 00:00 0 
8b19e000-8b1a5000 rwxp 00000000 00:00 0 
8b1a5000-8b1ff000 rwxp 00000000 00:00 0 
8b1ff000-8c200000 rwxp 00000000 00:00 0 
8c200000-8f200000 rwxp 00000000 00:00 0 
8f200000-90a40000 rwxp 00000000 00:00 0 
90a40000-a7600000 rwxp 00000000 00:00 0 
a7600000-a8210000 rwxp 00000000 00:00 0 
a8210000-b3800000 rwxp 00000000 00:00 0 
b3805000-b380e000 rwxp 00000000 00:00 0 
b380e000-b38c5000 rwxp 00000000 00:00 0 
b38c5000-b3b05000 rwxp 00000000 00:00 0 
b3b05000-b68c5000 rwxp 00000000 00:00 0 
b68c5000-b68d4000 r-xp 00000000 08:06 1441857    /usr/lib/jvm/jdk1.6.0_35/jre/lib/i386/libzip.so
b68d4000-b68d6000 rwxp 0000e000 08:06 1441857    /usr/lib/jvm/jdk1.6.0_35/jre/lib/i386/libzip.so
b68d6000-b68e0000 r-xp 00000000 08:06 262523     /lib/tls/i686/cmov/libnss_files-2.11.1.so
b68e0000-b68e1000 r-xp 00009000 08:06 262523     /lib/tls/i686/cmov/libnss_files-2.11.1.so
b68e1000-b68e2000 rwxp 0000a000 08:06 262523     /lib/tls/i686/cmov/libnss_files-2.11.1.so
b68e2000-b68ea000 r-xp 00000000 08:06 262482     /lib/tls/i686/cmov/libnss_nis-2.11.1.so
b68ea000-b68eb000 r-xp 00007000 08:06 262482     /lib/tls/i686/cmov/libnss_nis-2.11.1.so
b68eb000-b68ec000 rwxp 00008000 08:06 262482     /lib/tls/i686/cmov/libnss_nis-2.11.1.so
b68ec000-b68f2000 r-xp 00000000 08:06 262539     /lib/tls/i686/cmov/libnss_compat-2.11.1.so
b68f2000-b68f3000 r-xp 00006000 08:06 262539     /lib/tls/i686/cmov/libnss_compat-2.11.1.so
b68f3000-b68f4000 rwxp 00007000 08:06 262539     /lib/tls/i686/cmov/libnss_compat-2.11.1.so
b68f4000-b6907000 r-xp 00000000 08:06 262535     /lib/tls/i686/cmov/libnsl-2.11.1.so
b6907000-b6908000 r-xp 00012000 08:06 262535     /lib/tls/i686/cmov/libnsl-2.11.1.so
b6908000-b6909000 rwxp 00013000 08:06 262535     /lib/tls/i686/cmov/libnsl-2.11.1.so
b6909000-b690b000 rwxp 00000000 00:00 0 
b6914000-b691c000 rwxs 00000000 08:06 4593230    /tmp/hsperfdata_edusr/3120
b691c000-b6940000 r-xp 00000000 08:06 1441852    /usr/lib/jvm/jdk1.6.0_35/jre/lib/i386/libjava.so
b6940000-b6942000 rwxp 00023000 08:06 1441852    /usr/lib/jvm/jdk1.6.0_35/jre/lib/i386/libjava.so
b6942000-b6949000 r-xp 00000000 08:06 262528     /lib/tls/i686/cmov/librt-2.11.1.so
b6949000-b694a000 r-xp 00006000 08:06 262528     /lib/tls/i686/cmov/librt-2.11.1.so
b694a000-b694b000 rwxp 00007000 08:06 262528     /lib/tls/i686/cmov/librt-2.11.1.so
b694b000-b694e000 ---p 00000000 00:00 0 
b694e000-b699c000 rwxp 00000000 00:00 0 
b699c000-b69c0000 r-xp 00000000 08:06 262529     /lib/tls/i686/cmov/libm-2.11.1.so
b69c0000-b69c1000 r-xp 00023000 08:06 262529     /lib/tls/i686/cmov/libm-2.11.1.so
b69c1000-b69c2000 rwxp 00024000 08:06 262529     /lib/tls/i686/cmov/libm-2.11.1.so
b69c2000-b7176000 r-xp 00000000 08:06 1441840    /usr/lib/jvm/jdk1.6.0_35/jre/lib/i386/server/libjvm.so
b7176000-b71ca000 rwxp 007b4000 08:06 1441840    /usr/lib/jvm/jdk1.6.0_35/jre/lib/i386/server/libjvm.so
b71ca000-b75e9000 rwxp 00000000 00:00 0 
b75e9000-b7742000 r-xp 00000000 08:06 262527     /lib/tls/i686/cmov/libc-2.11.1.so
b7742000-b7744000 r-xp 00159000 08:06 262527     /lib/tls/i686/cmov/libc-2.11.1.so
b7744000-b7745000 rwxp 0015b000 08:06 262527     /lib/tls/i686/cmov/libc-2.11.1.so
b7745000-b7748000 rwxp 00000000 00:00 0 
b7748000-b774a000 r-xp 00000000 08:06 262537     /lib/tls/i686/cmov/libdl-2.11.1.so
b774a000-b774b000 r-xp 00001000 08:06 262537     /lib/tls/i686/cmov/libdl-2.11.1.so
b774b000-b774c000 rwxp 00002000 08:06 262537     /lib/tls/i686/cmov/libdl-2.11.1.so
b774c000-b7753000 r-xp 00000000 08:06 1441854    /usr/lib/jvm/jdk1.6.0_35/jre/lib/i386/jli/libjli.so
b7753000-b7755000 rwxp 00006000 08:06 1441854    /usr/lib/jvm/jdk1.6.0_35/jre/lib/i386/jli/libjli.so
b7755000-b7756000 rwxp 00000000 00:00 0 
b7756000-b776b000 r-xp 00000000 08:06 262534     /lib/tls/i686/cmov/libpthread-2.11.1.so
b776b000-b776c000 r-xp 00014000 08:06 262534     /lib/tls/i686/cmov/libpthread-2.11.1.so
b776c000-b776d000 rwxp 00015000 08:06 262534     /lib/tls/i686/cmov/libpthread-2.11.1.so
b776d000-b776f000 rwxp 00000000 00:00 0 
b7772000-b7773000 rwxp 00000000 00:00 0 
b7773000-b7774000 r-xp 00000000 00:00 0 
b7774000-b777f000 r-xp 00000000 08:06 1441851    /usr/lib/jvm/jdk1.6.0_35/jre/lib/i386/libverify.so
b777f000-b7780000 rwxp 0000b000 08:06 1441851    /usr/lib/jvm/jdk1.6.0_35/jre/lib/i386/libverify.so
b7780000-b7782000 rwxp 00000000 00:00 0 
b7782000-b7783000 r-xp 00000000 00:00 0          [vdso]
b7783000-b779e000 r-xp 00000000 08:06 262287     /lib/ld-2.11.1.so
b779e000-b779f000 r-xp 0001a000 08:06 262287     /lib/ld-2.11.1.so
b779f000-b77a0000 rwxp 0001b000 08:06 262287     /lib/ld-2.11.1.so
bfee0000-bfef5000 rwxp 00000000 00:00 0          [stack]

VM Arguments:
jvm_args: -Dfile.encoding=UTF-8 -Xbootclasspath:/opt/android-sdk-linux_x86/platforms/android-10/android.jar 
java_command: org.com.udibus.leitorhtml.parserHtml
Launcher Type: SUN_STANDARD

Environment Variables:
JAVA_HOME=/usr/lib/jvm/jdk1.6.0_35
PATH=/usr/local/sbin:/usr/local/bin:/usr/sbin:/usr/bin:/sbin:/bin:/usr/games:/usr/lib/jvm/jdk1.6.0_35/bin:/usr/lib/jvm/jdk1.6.0_35/bin:/dados/apache-maven-3.0.4/bin
USERNAME=edusr
LD_LIBRARY_PATH=/usr/lib/jvm/jdk1.6.0_35/jre/lib/i386/server:/usr/lib/jvm/jdk1.6.0_35/jre/lib/i386:/usr/lib/jvm/jdk1.6.0_35/jre/../lib/i386:/usr/lib/jvm/jdk1.6.0_35/jre/lib/i386/client:/usr/lib/jvm/jdk1.6.0_35/jre/lib/i386:
SHELL=/bin/bash
DISPLAY=:0.0

Signal Handlers:
SIGSEGV: [libjvm.so+0x726fe0], sa_mask[0]=0x7ffbfeff, sa_flags=0x10000004
SIGBUS: [libjvm.so+0x726fe0], sa_mask[0]=0x7ffbfeff, sa_flags=0x10000004
SIGFPE: [libjvm.so+0x5e13a0], sa_mask[0]=0x7ffbfeff, sa_flags=0x10000004
SIGPIPE: [libjvm.so+0x5e13a0], sa_mask[0]=0x7ffbfeff, sa_flags=0x10000004
SIGXFSZ: [libjvm.so+0x5e13a0], sa_mask[0]=0x7ffbfeff, sa_flags=0x10000004
SIGILL: [libjvm.so+0x5e13a0], sa_mask[0]=0x7ffbfeff, sa_flags=0x10000004
SIGUSR1: SIG_DFL, sa_mask[0]=0x00000000, sa_flags=0x00000000
SIGUSR2: [libjvm.so+0x5e4600], sa_mask[0]=0x00000004, sa_flags=0x10000004
SIGHUP: SIG_DFL, sa_mask[0]=0x00000000, sa_flags=0x00000000
SIGINT: SIG_DFL, sa_mask[0]=0x00000000, sa_flags=0x00000000
SIGTERM: SIG_DFL, sa_mask[0]=0x00000000, sa_flags=0x00000000
SIGQUIT: SIG_DFL, sa_mask[0]=0x00000000, sa_flags=0x00000000


---------------  S Y S T E M  ---------------

OS:squeeze/sid

uname:Linux 2.6.32-45-generic #99-Ubuntu SMP Tue Oct 16 16:31:11 UTC 2012 i686
libc:glibc 2.11.1 NPTL 2.11.1 
rlimit: STACK 8192k, CORE 0k, NPROC infinity, NOFILE 1024, AS infinity
load average:0.61 0.46 0.48

/proc/meminfo:
MemTotal:        2375868 kB
MemFree:          490420 kB
Buffers:          249852 kB
Cached:           746868 kB
SwapCached:            0 kB
Active:          1123460 kB
Inactive:         615628 kB
Active(anon):     657532 kB
Inactive(anon):   220784 kB
Active(file):     465928 kB
Inactive(file):   394844 kB
Unevictable:          16 kB
Mlocked:              16 kB
HighTotal:       1506416 kB
HighFree:         253184 kB
LowTotal:         869452 kB
LowFree:          237236 kB
SwapTotal:       1998840 kB
SwapFree:        1998840 kB
Dirty:               184 kB
Writeback:             0 kB
AnonPages:        742608 kB
Mapped:           163312 kB
Shmem:            135924 kB
Slab:             104704 kB
SReclaimable:      89260 kB
SUnreclaim:        15444 kB
KernelStack:        3064 kB
PageTables:         7816 kB
NFS_Unstable:          0 kB
Bounce:                0 kB
WritebackTmp:          0 kB
CommitLimit:     3186772 kB
Committed_AS:    2320192 kB
VmallocTotal:     122880 kB
VmallocUsed:       34688 kB
VmallocChunk:      52504 kB
HardwareCorrupted:     0 kB
HugePages_Total:       0
HugePages_Free:        0
HugePages_Rsvd:        0
HugePages_Surp:        0
Hugepagesize:       4096 kB
DirectMap4k:       16376 kB
DirectMap4M:      892928 kB


CPU:total 4 (2 cores per cpu, 2 threads per core) family 6 model 37 stepping 5, cmov, cx8, fxsr, mmx, sse, sse2, sse3, ssse3, sse4.1, sse4.2, popcnt, ht

/proc/cpuinfo:
processor	: 0
vendor_id	: GenuineIntel
cpu family	: 6
model		: 37
model name	: Intel(R) Core(TM) i3 CPU       M 350  @ 2.27GHz
stepping	: 5
cpu MHz		: 2266.000
cache size	: 3072 KB
physical id	: 0
siblings	: 4
core id		: 0
cpu cores	: 2
apicid		: 0
initial apicid	: 0
fdiv_bug	: no
hlt_bug		: no
f00f_bug	: no
coma_bug	: no
fpu		: yes
fpu_exception	: yes
cpuid level	: 11
wp		: yes
flags		: fpu vme de pse tsc msr pae mce cx8 apic mtrr pge mca cmov pat pse36 clflush dts acpi mmx fxsr sse sse2 ss ht tm pbe nx rdtscp lm constant_tsc arch_perfmon pebs bts xtopology nonstop_tsc aperfmperf pni dtes64 monitor ds_cpl vmx est tm2 ssse3 cx16 xtpr pdcm sse4_1 sse4_2 popcnt lahf_lm arat tpr_shadow vnmi flexpriority ept vpid
bogomips	: 4521.92
clflush size	: 64
cache_alignment	: 64
address sizes	: 36 bits physical, 48 bits virtual
power management:

processor	: 1
vendor_id	: GenuineIntel
cpu family	: 6
model		: 37
model name	: Intel(R) Core(TM) i3 CPU       M 350  @ 2.27GHz
stepping	: 5
cpu MHz		: 1999.000
cache size	: 3072 KB
physical id	: 0
siblings	: 4
core id		: 0
cpu cores	: 2
apicid		: 1
initial apicid	: 1
fdiv_bug	: no
hlt_bug		: no
f00f_bug	: no
coma_bug	: no
fpu		: yes
fpu_exception	: yes
cpuid level	: 11
wp		: yes
flags		: fpu vme de pse tsc msr pae mce cx8 apic mtrr pge mca cmov pat pse36 clflush dts acpi mmx fxsr sse sse2 ss ht tm pbe nx rdtscp lm constant_tsc arch_perfmon pebs bts xtopology nonstop_tsc aperfmperf pni dtes64 monitor ds_cpl vmx est tm2 ssse3 cx16 xtpr pdcm sse4_1 sse4_2 popcnt lahf_lm arat tpr_shadow vnmi flexpriority ept vpid
bogomips	: 4521.88
clflush size	: 64
cache_alignment	: 64
address sizes	: 36 bits physical, 48 bits virtual
power management:

processor	: 2
vendor_id	: GenuineIntel
cpu family	: 6
model		: 37
model name	: Intel(R) Core(TM) i3 CPU       M 350  @ 2.27GHz
stepping	: 5
cpu MHz		: 933.000
cache size	: 3072 KB
physical id	: 0
siblings	: 4
core id		: 2
cpu cores	: 2
apicid		: 4
initial apicid	: 4
fdiv_bug	: no
hlt_bug		: no
f00f_bug	: no
coma_bug	: no
fpu		: yes
fpu_exception	: yes
cpuid level	: 11
wp		: yes
flags		: fpu vme de pse tsc msr pae mce cx8 apic mtrr pge mca cmov pat pse36 clflush dts acpi mmx fxsr sse sse2 ss ht tm pbe nx rdtscp lm constant_tsc arch_perfmon pebs bts xtopology nonstop_tsc aperfmperf pni dtes64 monitor ds_cpl vmx est tm2 ssse3 cx16 xtpr pdcm sse4_1 sse4_2 popcnt lahf_lm arat tpr_shadow vnmi flexpriority ept vpid
bogomips	: 4521.89
clflush size	: 64
cache_alignment	: 64
address sizes	: 36 bits physical, 48 bits virtual
power management:

processor	: 3
vendor_id	: GenuineIntel
cpu family	: 6
model		: 37
model name	: Intel(R) Core(TM) i3 CPU       M 350  @ 2.27GHz
stepping	: 5
cpu MHz		: 2266.000
cache size	: 3072 KB
physical id	: 0
siblings	: 4
core id		: 2
cpu cores	: 2
apicid		: 5
initial apicid	: 5
fdiv_bug	: no
hlt_bug		: no
f00f_bug	: no
coma_bug	: no
fpu		: yes
fpu_exception	: yes
cpuid level	: 11
wp		: yes
flags		: fpu vme de pse tsc msr pae mce cx8 apic mtrr pge mca cmov pat pse36 clflush dts acpi mmx fxsr sse sse2 ss ht tm pbe nx rdtscp lm constant_tsc arch_perfmon pebs bts xtopology nonstop_tsc aperfmperf pni dtes64 monitor ds_cpl vmx est tm2 ssse3 cx16 xtpr pdcm sse4_1 sse4_2 popcnt lahf_lm arat tpr_shadow vnmi flexpriority ept vpid
bogomips	: 4521.92
clflush size	: 64
cache_alignment	: 64
address sizes	: 36 bits physical, 48 bits virtual
power management:



Memory: 4k page, physical 2375868k(490420k free), swap 1998840k(1998840k free)

vm_info: Java HotSpot(TM) Server VM (20.10-b01) for linux-x86 JRE (1.6.0_35-b10), built on Aug 28 2012 16:06:20 by "java_re" with gcc 3.2.1-7a (J2SE release)

time: Thu Nov 15 13:06:43 2012
elapsed time: 0 seconds

